<?xml version="1.0" encoding="UTF-8"?>
<!-- Generated by org.testng.reporters.JUnitReportReporter -->
<testsuite hostname="TOMCAT" failures="0" tests="3" name="basicmain.Bmain" time="22.323" errors="0" timestamp="2023-09-11T18:02:59 IST" skipped="0">
  <testcase classname="basicmain.Bmain" name="loginTest" time="6.382"/>
  <testcase classname="basicmain.Bmain" name="loginTest" time="10.062"/>
  <testcase classname="basicmain.Bmain" name="loginTest" time="5.879"/>
</testsuite> <!-- basicmain.Bmain -->
